C:\USERS\WU-B_NEU\DOCUMENTS\VISUAL STUDIO 2012\PROJECTS\LEARN_MFC\GOBANG\DEBUG\GOBANG.OBJ
C:\USERS\WU-B_NEU\DOCUMENTS\VISUAL STUDIO 2012\PROJECTS\LEARN_MFC\GOBANG\DEBUG\VC110.PDB
C:\USERS\WU-B_NEU\DOCUMENTS\VISUAL STUDIO 2012\PROJECTS\LEARN_MFC\DEBUG\GOBANG.ILK
C:\USERS\WU-B_NEU\DOCUMENTS\VISUAL STUDIO 2012\PROJECTS\LEARN_MFC\DEBUG\GOBANG.EXE
C:\USERS\WU-B_NEU\DOCUMENTS\VISUAL STUDIO 2012\PROJECTS\LEARN_MFC\DEBUG\GOBANG.PDB
C:\Users\wu-b_neu\Documents\Visual Studio 2012\Projects\Learn_mfc\gobang\Debug\gobang.obj
C:\Users\wu-b_neu\Documents\Visual Studio 2012\Projects\Learn_mfc\gobang\Debug\cl.command.1.tlog
C:\Users\wu-b_neu\Documents\Visual Studio 2012\Projects\Learn_mfc\gobang\Debug\CL.read.1.tlog
C:\Users\wu-b_neu\Documents\Visual Studio 2012\Projects\Learn_mfc\gobang\Debug\CL.write.1.tlog
C:\Users\wu-b_neu\Documents\Visual Studio 2012\Projects\Learn_mfc\gobang\Debug\link-cvtres.read.1.tlog
C:\Users\wu-b_neu\Documents\Visual Studio 2012\Projects\Learn_mfc\gobang\Debug\link-cvtres.write.1.tlog
C:\Users\wu-b_neu\Documents\Visual Studio 2012\Projects\Learn_mfc\gobang\Debug\link-rc.read.1.tlog
C:\Users\wu-b_neu\Documents\Visual Studio 2012\Projects\Learn_mfc\gobang\Debug\link-rc.write.1.tlog
C:\Users\wu-b_neu\Documents\Visual Studio 2012\Projects\Learn_mfc\gobang\Debug\link.command.1.tlog
C:\Users\wu-b_neu\Documents\Visual Studio 2012\Projects\Learn_mfc\gobang\Debug\link.read.1.tlog
C:\Users\wu-b_neu\Documents\Visual Studio 2012\Projects\Learn_mfc\gobang\Debug\link.write.1.tlog
C:\Users\wu-b_neu\Documents\Visual Studio 2012\Projects\Learn_mfc\gobang\Debug\vc110.idb
C:\Users\wu-b_neu\Documents\Visual Studio 2012\Projects\Learn_mfc\gobang\Debug\vc110.pdb
C:\Users\wu-b_neu\Documents\Visual Studio 2012\Projects\Learn_mfc\Debug\gobang.pdb
C:\Users\wu-b_neu\Documents\Visual Studio 2012\Projects\Learn_mfc\Debug\gobang.exe
C:\Users\wu-b_neu\Documents\Visual Studio 2012\Projects\Learn_mfc\Debug\gobang.ilk
