D:\SMTOOL\FILELABLE_MFC\RELEASE\GETFILE_MFC.PCH
D:\SMTOOL\FILELABLE_MFC\RELEASE\STDAFX.OBJ
D:\SMTOOL\FILELABLE_MFC\RELEASE\VC110.PDB
D:\SMTOOL\FILELABLE_MFC\RELEASE\LABLEDLG.OBJ
D:\SMTOOL\FILELABLE_MFC\RELEASE\LABLE.OBJ
D:\SMTOOL\RELEASE\GETFILE_MFC.EXE
D:\SMTOOL\RELEASE\GETFILE_MFC.PDB
D:\SMTOOL\FILELABLE_MFC\RELEASE\LABLE.RES
D:\smTool\FileLable_MFC\Release\Lable.obj
D:\smTool\FileLable_MFC\Release\LableDlg.obj
D:\smTool\FileLable_MFC\Release\stdafx.obj
D:\smTool\FileLable_MFC\Release\cl.command.1.tlog
D:\smTool\FileLable_MFC\Release\CL.read.1.tlog
D:\smTool\FileLable_MFC\Release\CL.write.1.tlog
D:\smTool\FileLable_MFC\Release\link-cvtres.read.1.tlog
D:\smTool\FileLable_MFC\Release\link-cvtres.write.1.tlog
D:\smTool\FileLable_MFC\Release\link-mt.read.1.tlog
D:\smTool\FileLable_MFC\Release\link-mt.write.1.tlog
D:\smTool\FileLable_MFC\Release\link-rc.read.1.tlog
D:\smTool\FileLable_MFC\Release\link-rc.write.1.tlog
D:\smTool\FileLable_MFC\Release\link.command.1.tlog
D:\smTool\FileLable_MFC\Release\link.read.1.tlog
D:\smTool\FileLable_MFC\Release\link.write.1.tlog
D:\smTool\FileLable_MFC\Release\rc.command.1.tlog
D:\smTool\FileLable_MFC\Release\rc.read.1.tlog
D:\smTool\FileLable_MFC\Release\rc.write.1.tlog
D:\smTool\FileLable_MFC\Release\Lable.res
D:\smTool\FileLable_MFC\Release\GetFile_MFC.pch
D:\smTool\FileLable_MFC\Release\vc110.pdb
D:\smTool\Release\GetFile_MFC.pdb
D:\smTool\Release\GetFile_MFC.exe
