D:\SMTOOL\COMMFUNC_DLL\RELEASE\COMMFUNC_DLL.PCH
D:\SMTOOL\COMMFUNC_DLL\RELEASE\PCH.OBJ
D:\SMTOOL\COMMFUNC_DLL\RELEASE\VC110.PDB
D:\SMTOOL\COMMFUNC_DLL\RELEASE\DLLMAIN.OBJ
D:\SMTOOL\COMMFUNC_DLL\RELEASE\COMMFUNC_DLL.OBJ
D:\smTool\Release\CommFunc_DLL.lib
D:\smTool\Release\CommFunc_DLL.exp
D:\smTool\CommFunc_DLL\Release\priconfig.xml.intermediate
D:\smTool\CommFunc_DLL\Release\layout.resfiles.intermediate
D:\smTool\CommFunc_DLL\Release\resources.resfiles.intermediate
D:\smTool\CommFunc_DLL\Release\pri.resfiles.intermediate
D:\smTool\CommFunc_DLL\Release\priconfig.xml
D:\smTool\CommFunc_DLL\Release\layout.resfiles
D:\smTool\CommFunc_DLL\Release\resources.resfiles
D:\smTool\CommFunc_DLL\Release\pri.resfiles
D:\smTool\Release\FuncDll.pri
D:\smTool\CommFunc_DLL\Release\LanguageQualifiers.txt
D:\SMTOOL\RELEASE\COMMFUNC_DLL.DLL
D:\SMTOOL\RELEASE\COMMFUNC_DLL.PDB
D:\smTool\CommFunc_DLL\Release\CommFunc_DLL.obj
D:\smTool\CommFunc_DLL\Release\dllmain.obj
D:\smTool\CommFunc_DLL\Release\pch.obj
D:\smTool\CommFunc_DLL\Release\CL.21924.read.1.tlog
D:\smTool\CommFunc_DLL\Release\CL.21924.write.1.tlog
D:\smTool\CommFunc_DLL\Release\CL.28344.read.1.tlog
D:\smTool\CommFunc_DLL\Release\CL.28344.write.1.tlog
D:\smTool\CommFunc_DLL\Release\cl.command.1.tlog
D:\smTool\CommFunc_DLL\Release\CL.read.1.tlog
D:\smTool\CommFunc_DLL\Release\CL.write.1.tlog
D:\smTool\CommFunc_DLL\Release\CommFunc_DLL.read.1.tlog
D:\smTool\CommFunc_DLL\Release\CommFunc_DLL.write.1.tlog
D:\smTool\CommFunc_DLL\Release\link.command.1.tlog
D:\smTool\CommFunc_DLL\Release\link.read.1.tlog
D:\smTool\CommFunc_DLL\Release\link.write.1.tlog
D:\smTool\CommFunc_DLL\Release\CommFunc_DLL.pch
D:\smTool\CommFunc_DLL\Release\vc110.pdb
D:\smTool\Release\CommFunc_DLL.pdb
D:\smTool\Release\CommFunc_DLL.dll
