生成启动时间为 21/12/11 22:41:44。
     1>项目“D:\smTool\CommFunc_DLL\FuncDll.vcxproj”在节点 2 上(Rebuild 个目标)。
     1>ClCompile:
         C:\Program Files (x86)\Microsoft Visual Studio 11.0\VC\bin\CL.exe /c /ID:\smTool\CommFunc_DLL\ /I"Generated Files\\" /IRelease\ /Zi /nologo /W3 /WX- /sdl- /MP /O2 /Oi /Oy- /GL /D _WINDLL /D _UNICODE /D UNICODE /D WINAPI_FAMILY=WINAPI_FAMILY_APP /Gm- /EHsc /MD /GS /Gy /fp:precise /Zc:wchar_t /Zc:forScope /Yc"pch.h" /Fp"Release\CommFunc_DLL.pch" /Fo"Release\\" /Fd"Release\vc110.pdb" /Gd /TP /analyze- /errorReport:prompt pch.cpp
         pch.cpp
         C:\Program Files (x86)\Microsoft Visual Studio 11.0\VC\bin\CL.exe /c /ID:\smTool\CommFunc_DLL\ /I"Generated Files\\" /IRelease\ /Zi /nologo /W3 /WX- /sdl- /MP /O2 /Oi /Oy- /GL /D _WINDLL /D _UNICODE /D UNICODE /D WINAPI_FAMILY=WINAPI_FAMILY_APP /Gm- /EHsc /MD /GS /Gy /fp:precise /Zc:wchar_t /Zc:forScope /Yu"pch.h" /Fp"Release\CommFunc_DLL.pch" /Fo"Release\\" /Fd"Release\vc110.pdb" /Gd /TP /analyze- /errorReport:prompt dllmain.cpp CommFunc_DLL.cpp
         dllmain.cpp
         CommFunc_DLL.cpp
       Link:
         C:\Program Files (x86)\Microsoft Visual Studio 11.0\VC\bin\link.exe /ERRORREPORT:PROMPT /OUT:"D:\smTool\Release\CommFunc_DLL.dll" /NOLOGO kernel32.lib /DEF:"Source.def" /MANIFEST:NO /DEBUG /PDB:"D:\smTool\Release\CommFunc_DLL.pdb" /SUBSYSTEM:CONSOLE /OPT:REF /OPT:ICF /LTCG /TLBID:1 /APPCONTAINER /WINMD:NO /WINMDFILE:"D:\smTool\Release\FuncDll.winmd" /DYNAMICBASE /NXCOMPAT /IMPLIB:"D:\smTool\Release\CommFunc_DLL.lib" /MACHINE:X86 /SAFESEH /DLL Release\dllmain.obj
         Release\CommFunc_DLL.obj
         Release\pch.obj
            正在创建库 D:\smTool\Release\CommFunc_DLL.lib 和对象 D:\smTool\Release\CommFunc_DLL.exp
         正在生成代码
         已完成代码的生成
         FuncDll.vcxproj -> D:\smTool\Release\CommFunc_DLL.dll
       _GenerateProjectPriFileCore:
         C:\Program Files (x86)\Windows Kits\8.0\bin\x86\MakePri.exe New -ProjectRoot D:\smTool\CommFunc_DLL\ -ConfigXml Release\priconfig.xml -OutputFile D:\smTool\Release\FuncDll.pri -IndexName FuncDll -Verbose -Overwrite  
     1>已完成生成项目“D:\smTool\CommFunc_DLL\FuncDll.vcxproj”(Rebuild 个目标)的操作。

生成成功。

已用时间 00:00:02.12
