C:\USERS\WU-B_NEU\DOCUMENTS\VISUAL STUDIO 2012\PROJECTS\LEARN_MFC\JAPAN\DEBUG\JAPAN.OBJ
C:\USERS\WU-B_NEU\DOCUMENTS\VISUAL STUDIO 2012\PROJECTS\LEARN_MFC\JAPAN\DEBUG\VC110.PDB
C:\USERS\WU-B_NEU\DOCUMENTS\VISUAL STUDIO 2012\PROJECTS\LEARN_MFC\DEBUG\JAPAN.ILK
C:\USERS\WU-B_NEU\DOCUMENTS\VISUAL STUDIO 2012\PROJECTS\LEARN_MFC\DEBUG\JAPAN.EXE
C:\USERS\WU-B_NEU\DOCUMENTS\VISUAL STUDIO 2012\PROJECTS\LEARN_MFC\DEBUG\JAPAN.PDB
C:\Users\wu-b_neu\Documents\Visual Studio 2012\Projects\Learn_mfc\japan\Debug\japan.obj
C:\Users\wu-b_neu\Documents\Visual Studio 2012\Projects\Learn_mfc\japan\Debug\cl.command.1.tlog
C:\Users\wu-b_neu\Documents\Visual Studio 2012\Projects\Learn_mfc\japan\Debug\CL.read.1.tlog
C:\Users\wu-b_neu\Documents\Visual Studio 2012\Projects\Learn_mfc\japan\Debug\CL.write.1.tlog
C:\Users\wu-b_neu\Documents\Visual Studio 2012\Projects\Learn_mfc\japan\Debug\link-cvtres.read.1.tlog
C:\Users\wu-b_neu\Documents\Visual Studio 2012\Projects\Learn_mfc\japan\Debug\link-cvtres.write.1.tlog
C:\Users\wu-b_neu\Documents\Visual Studio 2012\Projects\Learn_mfc\japan\Debug\link-rc.read.1.tlog
C:\Users\wu-b_neu\Documents\Visual Studio 2012\Projects\Learn_mfc\japan\Debug\link-rc.write.1.tlog
C:\Users\wu-b_neu\Documents\Visual Studio 2012\Projects\Learn_mfc\japan\Debug\link.command.1.tlog
C:\Users\wu-b_neu\Documents\Visual Studio 2012\Projects\Learn_mfc\japan\Debug\link.read.1.tlog
C:\Users\wu-b_neu\Documents\Visual Studio 2012\Projects\Learn_mfc\japan\Debug\link.write.1.tlog
C:\Users\wu-b_neu\Documents\Visual Studio 2012\Projects\Learn_mfc\japan\Debug\vc110.idb
C:\Users\wu-b_neu\Documents\Visual Studio 2012\Projects\Learn_mfc\japan\Debug\vc110.pdb
C:\Users\wu-b_neu\Documents\Visual Studio 2012\Projects\Learn_mfc\Debug\japan.pdb
C:\Users\wu-b_neu\Documents\Visual Studio 2012\Projects\Learn_mfc\Debug\japan.exe
C:\Users\wu-b_neu\Documents\Visual Studio 2012\Projects\Learn_mfc\Debug\japan.ilk
