D:\SMTOOL\SMTOLL_MFC_M\RELEASE\MAINMODULE.PCH
D:\SMTOOL\SMTOLL_MFC_M\RELEASE\STDAFX.OBJ
D:\SMTOOL\SMTOLL_MFC_M\RELEASE\VC110.PDB
D:\SMTOOL\SMTOLL_MFC_M\RELEASE\MAINMODULEDLG.OBJ
D:\SMTOOL\SMTOLL_MFC_M\RELEASE\MAINMODULE.OBJ
D:\SMTOOL\RELEASE\MAINMODULE.EXE
D:\SMTOOL\RELEASE\MAINMODULE.PDB
D:\SMTOOL\SMTOLL_MFC_M\RELEASE\MAINMODULE.RES
D:\smTool\smToll_MFC_M\Release\MainModule.obj
D:\smTool\smToll_MFC_M\Release\MainModuleDlg.obj
D:\smTool\smToll_MFC_M\Release\stdafx.obj
D:\smTool\smToll_MFC_M\Release\cl.command.1.tlog
D:\smTool\smToll_MFC_M\Release\CL.read.1.tlog
D:\smTool\smToll_MFC_M\Release\CL.write.1.tlog
D:\smTool\smToll_MFC_M\Release\link-cvtres.read.1.tlog
D:\smTool\smToll_MFC_M\Release\link-cvtres.write.1.tlog
D:\smTool\smToll_MFC_M\Release\link-mt.read.1.tlog
D:\smTool\smToll_MFC_M\Release\link-mt.write.1.tlog
D:\smTool\smToll_MFC_M\Release\link-rc.read.1.tlog
D:\smTool\smToll_MFC_M\Release\link-rc.write.1.tlog
D:\smTool\smToll_MFC_M\Release\link.command.1.tlog
D:\smTool\smToll_MFC_M\Release\link.read.1.tlog
D:\smTool\smToll_MFC_M\Release\link.write.1.tlog
D:\smTool\smToll_MFC_M\Release\rc.command.1.tlog
D:\smTool\smToll_MFC_M\Release\rc.read.1.tlog
D:\smTool\smToll_MFC_M\Release\rc.write.1.tlog
D:\smTool\smToll_MFC_M\Release\MainModule.res
D:\smTool\smToll_MFC_M\Release\MainModule.pch
D:\smTool\smToll_MFC_M\Release\vc110.pdb
D:\smTool\Release\MainModule.pdb
D:\smTool\Release\MainModule.exe
