S:\SMTOLL_0.1_ALPHA\OFFICEMODULE_MFC\RELEASE\OFFICEMODULE.PCH
S:\SMTOLL_0.1_ALPHA\OFFICEMODULE_MFC\RELEASE\STDAFX.OBJ
S:\SMTOLL_0.1_ALPHA\OFFICEMODULE_MFC\RELEASE\VC110.PDB
S:\SMTOLL_0.1_ALPHA\OFFICEMODULE_MFC\RELEASE\OFFICEMODULE_MFCDLG.OBJ
S:\SMTOLL_0.1_ALPHA\OFFICEMODULE_MFC\RELEASE\OFFICEMODULE_MFC.OBJ
S:\SMTOLL_0.1_ALPHA\RELEASE\OFFICEMODULE.EXE
S:\SMTOLL_0.1_ALPHA\RELEASE\OFFICEMODULE.PDB
S:\SMTOLL_0.1_ALPHA\OFFICEMODULE_MFC\RELEASE\OFFICEMODULE_MFC.RES
S:\smToll_0.1_aLpha\oFFiceModule_MFC\Release\oFFiceModule_MFC.obj
S:\smToll_0.1_aLpha\oFFiceModule_MFC\Release\oFFiceModule_MFCDlg.obj
S:\smToll_0.1_aLpha\oFFiceModule_MFC\Release\stdafx.obj
S:\smToll_0.1_aLpha\oFFiceModule_MFC\Release\cl.command.1.tlog
S:\smToll_0.1_aLpha\oFFiceModule_MFC\Release\CL.read.1.tlog
S:\smToll_0.1_aLpha\oFFiceModule_MFC\Release\CL.write.1.tlog
S:\smToll_0.1_aLpha\oFFiceModule_MFC\Release\link-cvtres.read.1.tlog
S:\smToll_0.1_aLpha\oFFiceModule_MFC\Release\link-cvtres.write.1.tlog
S:\smToll_0.1_aLpha\oFFiceModule_MFC\Release\link-mt.read.1.tlog
S:\smToll_0.1_aLpha\oFFiceModule_MFC\Release\link-mt.write.1.tlog
S:\smToll_0.1_aLpha\oFFiceModule_MFC\Release\link-rc.read.1.tlog
S:\smToll_0.1_aLpha\oFFiceModule_MFC\Release\link-rc.write.1.tlog
S:\smToll_0.1_aLpha\oFFiceModule_MFC\Release\link.command.1.tlog
S:\smToll_0.1_aLpha\oFFiceModule_MFC\Release\link.read.1.tlog
S:\smToll_0.1_aLpha\oFFiceModule_MFC\Release\link.write.1.tlog
S:\smToll_0.1_aLpha\oFFiceModule_MFC\Release\rc.command.1.tlog
S:\smToll_0.1_aLpha\oFFiceModule_MFC\Release\rc.read.1.tlog
S:\smToll_0.1_aLpha\oFFiceModule_MFC\Release\rc.write.1.tlog
S:\smToll_0.1_aLpha\oFFiceModule_MFC\Release\oFFiceModule_MFC.res
S:\smToll_0.1_aLpha\oFFiceModule_MFC\Release\OfficeModule.pch
S:\smToll_0.1_aLpha\oFFiceModule_MFC\Release\vc110.pdb
S:\smToll_0.1_aLpha\Release\OfficeModule.pdb
S:\smToll_0.1_aLpha\Release\OfficeModule.exe
