D:\SMTOOL\BUTTON_MFC\RELEASE\BUTTONS_MFC.PCH
D:\SMTOOL\BUTTON_MFC\RELEASE\STDAFX.OBJ
D:\SMTOOL\BUTTON_MFC\RELEASE\VC110.PDB
D:\SMTOOL\BUTTON_MFC\RELEASE\BUTTONSDLG.OBJ
D:\SMTOOL\BUTTON_MFC\RELEASE\BUTTONS.OBJ
D:\SMTOOL\RELEASE\BUTTONS_MFC.EXE
D:\SMTOOL\RELEASE\BUTTONS_MFC.PDB
D:\SMTOOL\BUTTON_MFC\RELEASE\BUTTONS.RES
D:\smTool\buTTOn_MFC\Release\ButtonS.obj
D:\smTool\buTTOn_MFC\Release\ButtonSDlg.obj
D:\smTool\buTTOn_MFC\Release\stdafx.obj
D:\smTool\buTTOn_MFC\Release\cl.command.1.tlog
D:\smTool\buTTOn_MFC\Release\CL.read.1.tlog
D:\smTool\buTTOn_MFC\Release\CL.write.1.tlog
D:\smTool\buTTOn_MFC\Release\link-cvtres.read.1.tlog
D:\smTool\buTTOn_MFC\Release\link-cvtres.write.1.tlog
D:\smTool\buTTOn_MFC\Release\link-mt.read.1.tlog
D:\smTool\buTTOn_MFC\Release\link-mt.write.1.tlog
D:\smTool\buTTOn_MFC\Release\link-rc.read.1.tlog
D:\smTool\buTTOn_MFC\Release\link-rc.write.1.tlog
D:\smTool\buTTOn_MFC\Release\link.command.1.tlog
D:\smTool\buTTOn_MFC\Release\link.read.1.tlog
D:\smTool\buTTOn_MFC\Release\link.write.1.tlog
D:\smTool\buTTOn_MFC\Release\rc.command.1.tlog
D:\smTool\buTTOn_MFC\Release\rc.read.1.tlog
D:\smTool\buTTOn_MFC\Release\rc.write.1.tlog
D:\smTool\buTTOn_MFC\Release\ButtonS.res
D:\smTool\buTTOn_MFC\Release\ButtonS_MFC.pch
D:\smTool\buTTOn_MFC\Release\vc110.pdb
D:\smTool\Release\ButtonS_MFC.pdb
D:\smTool\Release\ButtonS_MFC.exe
