D:\SMTOOL\FUNNYMODULE_MFC\RELEASE\FUNNYMODULE.PCH
D:\SMTOOL\FUNNYMODULE_MFC\RELEASE\STDAFX.OBJ
D:\SMTOOL\FUNNYMODULE_MFC\RELEASE\VC110.PDB
D:\SMTOOL\FUNNYMODULE_MFC\RELEASE\FUNNYMODULE_MFCDLG.OBJ
D:\SMTOOL\FUNNYMODULE_MFC\RELEASE\FUNNYMODULE_MFC.OBJ
D:\SMTOOL\RELEASE\FUNNYMODULE.EXE
D:\SMTOOL\RELEASE\FUNNYMODULE.PDB
D:\SMTOOL\FUNNYMODULE_MFC\RELEASE\FUNNYMODULE_MFC.RES
D:\smTool\FunnyModule_MFC\Release\FunnyModule_MFC.obj
D:\smTool\FunnyModule_MFC\Release\FunnyModule_MFCDlg.obj
D:\smTool\FunnyModule_MFC\Release\stdafx.obj
D:\smTool\FunnyModule_MFC\Release\cl.command.1.tlog
D:\smTool\FunnyModule_MFC\Release\CL.read.1.tlog
D:\smTool\FunnyModule_MFC\Release\CL.write.1.tlog
D:\smTool\FunnyModule_MFC\Release\link-cvtres.read.1.tlog
D:\smTool\FunnyModule_MFC\Release\link-cvtres.write.1.tlog
D:\smTool\FunnyModule_MFC\Release\link-mt.read.1.tlog
D:\smTool\FunnyModule_MFC\Release\link-mt.write.1.tlog
D:\smTool\FunnyModule_MFC\Release\link-rc.read.1.tlog
D:\smTool\FunnyModule_MFC\Release\link-rc.write.1.tlog
D:\smTool\FunnyModule_MFC\Release\link.command.1.tlog
D:\smTool\FunnyModule_MFC\Release\link.read.1.tlog
D:\smTool\FunnyModule_MFC\Release\link.write.1.tlog
D:\smTool\FunnyModule_MFC\Release\rc.command.1.tlog
D:\smTool\FunnyModule_MFC\Release\rc.read.1.tlog
D:\smTool\FunnyModule_MFC\Release\rc.write.1.tlog
D:\smTool\FunnyModule_MFC\Release\FunnyModule_MFC.res
D:\smTool\FunnyModule_MFC\Release\FunnyModule.pch
D:\smTool\FunnyModule_MFC\Release\vc110.pdb
D:\smTool\Release\FunnyModule.pdb
D:\smTool\Release\FunnyModule.exe
