D:\SMTOOL\MFC_DLL\RELEASE\MFC_DLL.PCH
D:\SMTOOL\MFC_DLL\RELEASE\STDAFX.OBJ
D:\SMTOOL\MFC_DLL\RELEASE\VC110.PDB
D:\SMTOOL\MFC_DLL\RELEASE\MFC_DLL.OBJ
D:\SMTOOL\RELEASE\MFC_DLL.DLL
D:\SMTOOL\RELEASE\MFC_DLL.PDB
D:\smTool\Release\MFC_DLL.lib
D:\smTool\Release\MFC_DLL.exp
D:\SMTOOL\MFC_DLL\RELEASE\MFC_DLL.RES
D:\smTool\MFC_DLL\Release\MFC_DLL.obj
D:\smTool\MFC_DLL\Release\stdafx.obj
D:\smTool\MFC_DLL\Release\cl.command.1.tlog
D:\smTool\MFC_DLL\Release\CL.read.1.tlog
D:\smTool\MFC_DLL\Release\CL.write.1.tlog
D:\smTool\MFC_DLL\Release\link-cvtres.read.1.tlog
D:\smTool\MFC_DLL\Release\link-cvtres.write.1.tlog
D:\smTool\MFC_DLL\Release\link-mt.read.1.tlog
D:\smTool\MFC_DLL\Release\link-mt.write.1.tlog
D:\smTool\MFC_DLL\Release\link-rc.read.1.tlog
D:\smTool\MFC_DLL\Release\link-rc.write.1.tlog
D:\smTool\MFC_DLL\Release\link.command.1.tlog
D:\smTool\MFC_DLL\Release\link.read.1.tlog
D:\smTool\MFC_DLL\Release\link.write.1.tlog
D:\smTool\MFC_DLL\Release\MFC_DLL.write.1.tlog
D:\smTool\MFC_DLL\Release\rc.command.1.tlog
D:\smTool\MFC_DLL\Release\rc.read.1.tlog
D:\smTool\MFC_DLL\Release\rc.write.1.tlog
D:\smTool\MFC_DLL\Release\MFC_DLL.res
D:\smTool\MFC_DLL\Release\MFC_DLL.pch
D:\smTool\MFC_DLL\Release\vc110.pdb
D:\smTool\Release\MFC_DLL.pdb
D:\smTool\Release\MFC_DLL.dll
