生成启动时间为 21/12/11 22:41:47。
     1>项目“D:\smTool\MFC_DLL\MFC_DLL.vcxproj”在节点 8 上(Rebuild 个目标)。
     1>ClCompile:
         C:\Program Files (x86)\Microsoft Visual Studio 11.0\VC\bin\CL.exe /c /Zi /nologo /W3 /WX- /sdl /O2 /Oi /Oy- /GL /D WIN32 /D _WINDOWS /D NDEBUG /D _USRDLL /D _WINDLL /D _UNICODE /D UNICODE /D _AFXDLL /Gm- /EHsc /MD /GS /Gy /fp:precise /Zc:wchar_t /Zc:forScope /Yc"stdafx.h" /Fp"Release\MFC_DLL.pch" /Fo"Release\\" /Fd"Release\vc110.pdb" /Gd /TP /analyze- /errorReport:prompt stdafx.cpp
         stdafx.cpp
         C:\Program Files (x86)\Microsoft Visual Studio 11.0\VC\bin\CL.exe /c /Zi /nologo /W3 /WX- /sdl /O2 /Oi /Oy- /GL /D WIN32 /D _WINDOWS /D NDEBUG /D _USRDLL /D _WINDLL /D _UNICODE /D UNICODE /D _AFXDLL /Gm- /EHsc /MD /GS /Gy /fp:precise /Zc:wchar_t /Zc:forScope /Yu"stdafx.h" /Fp"Release\MFC_DLL.pch" /Fo"Release\\" /Fd"Release\vc110.pdb" /Gd /TP /analyze- /errorReport:prompt MFC_DLL.cpp
         MFC_DLL.cpp
       ResourceCompile:
         C:\Program Files (x86)\Windows Kits\8.0\bin\x86\rc.exe /D NDEBUG /D _UNICODE /D UNICODE /D _AFXDLL /l"0x0804" /IRelease\ /nologo /fo"Release\MFC_DLL.res" MFC_DLL.rc 
       Link:
         C:\Program Files (x86)\Microsoft Visual Studio 11.0\VC\bin\link.exe /ERRORREPORT:PROMPT /OUT:"D:\smTool\Release\MFC_DLL.dll" /INCREMENTAL:NO /NOLOGO /DEF:".\MFC_DLL.def" /MANIFEST /MANIFESTUAC:"level='asInvoker' uiAccess='false'" /manifest:embed /manifestinput:"C:\Program Files (x86)\Microsoft Visual Studio 11.0\VC\Include\Manifest\dpiaware.manifest" /DEBUG /PDB:"D:\smTool\Release\MFC_DLL.pdb" /SUBSYSTEM:WINDOWS /OPT:REF /OPT:ICF /LTCG /TLBID:1 /DYNAMICBASE /NXCOMPAT /IMPLIB:"D:\smTool\Release\MFC_DLL.lib" /MACHINE:X86 /SAFESEH /DLL Release\MFC_DLL.res
         Release\MFC_DLL.obj
         Release\stdafx.obj
            正在创建库 D:\smTool\Release\MFC_DLL.lib 和对象 D:\smTool\Release\MFC_DLL.exp
         正在生成代码
         已完成代码的生成
         MFC_DLL.vcxproj -> D:\smTool\Release\MFC_DLL.dll
     1>已完成生成项目“D:\smTool\MFC_DLL\MFC_DLL.vcxproj”(Rebuild 个目标)的操作。

生成成功。

已用时间 00:00:04.38
