D:\SMTOOL\STUDYMODULE_MFC\RELEASE\STUDYMODULE.PCH
D:\SMTOOL\STUDYMODULE_MFC\RELEASE\STDAFX.OBJ
D:\SMTOOL\STUDYMODULE_MFC\RELEASE\VC110.PDB
D:\SMTOOL\STUDYMODULE_MFC\RELEASE\STUDYMODULE_MFCDLG.OBJ
D:\SMTOOL\STUDYMODULE_MFC\RELEASE\STUDYMODULE_MFC.OBJ
D:\SMTOOL\RELEASE\STUDYMODULE.EXE
D:\SMTOOL\RELEASE\STUDYMODULE.PDB
D:\SMTOOL\STUDYMODULE_MFC\RELEASE\STUDYMODULE_MFC.RES
D:\smTool\StudyModule_MFC\Release\stdafx.obj
D:\smTool\StudyModule_MFC\Release\StudyModule_MFC.obj
D:\smTool\StudyModule_MFC\Release\StudyModule_MFCDlg.obj
D:\smTool\StudyModule_MFC\Release\cl.command.1.tlog
D:\smTool\StudyModule_MFC\Release\CL.read.1.tlog
D:\smTool\StudyModule_MFC\Release\CL.write.1.tlog
D:\smTool\StudyModule_MFC\Release\link-cvtres.read.1.tlog
D:\smTool\StudyModule_MFC\Release\link-cvtres.write.1.tlog
D:\smTool\StudyModule_MFC\Release\link-mt.read.1.tlog
D:\smTool\StudyModule_MFC\Release\link-mt.write.1.tlog
D:\smTool\StudyModule_MFC\Release\link-rc.read.1.tlog
D:\smTool\StudyModule_MFC\Release\link-rc.write.1.tlog
D:\smTool\StudyModule_MFC\Release\link.command.1.tlog
D:\smTool\StudyModule_MFC\Release\link.read.1.tlog
D:\smTool\StudyModule_MFC\Release\link.write.1.tlog
D:\smTool\StudyModule_MFC\Release\rc.command.1.tlog
D:\smTool\StudyModule_MFC\Release\rc.read.1.tlog
D:\smTool\StudyModule_MFC\Release\rc.write.1.tlog
D:\smTool\StudyModule_MFC\Release\StudyModule_MFC.res
D:\smTool\StudyModule_MFC\Release\StudyModule.pch
D:\smTool\StudyModule_MFC\Release\vc110.pdb
D:\smTool\Release\StudyModule.pdb
D:\smTool\Release\StudyModule.exe
