生成启动时间为 21/09/20 21:30:10。
     1>项目“C:\Users\qM\Desktop\QMTOOL\pushbox\pushbox.vcxproj”在节点 2 上(Rebuild 个目标)。
     1>ClCompile:
         C:\Program Files (x86)\Microsoft Visual Studio 11.0\VC\bin\CL.exe /c /ZI /nologo /W3 /WX- /Od /Oy- /D _MBCS /Gm /EHsc /RTC1 /MDd /GS /fp:precise /Zc:wchar_t /Zc:forScope /Fo"Debug\\" /Fd"Debug\vc110.pdb" /Gd /TP /analyze- /errorReport:prompt pushbox.cpp
         pushbox.cpp
     1>c:\users\qm\desktop\qmtool\pushbox\pushbox.cpp(27): warning C4244: “初始化”: 从“double”转换到“int”，可能丢失数据
     1>c:\users\qm\desktop\qmtool\pushbox\pushbox.cpp(28): warning C4244: “初始化”: 从“double”转换到“int”，可能丢失数据
     1>c:\users\qm\desktop\qmtool\pushbox\pushbox.cpp(29): warning C4244: “初始化”: 从“double”转换到“int”，可能丢失数据
     1>c:\users\qm\desktop\qmtool\pushbox\pushbox.cpp(30): warning C4244: “初始化”: 从“double”转换到“int”，可能丢失数据
     1>c:\users\qm\desktop\qmtool\pushbox\pushbox.cpp(31): warning C4244: “初始化”: 从“double”转换到“int”，可能丢失数据
     1>c:\users\qm\desktop\qmtool\pushbox\pushbox.cpp(32): warning C4244: “初始化”: 从“double”转换到“int”，可能丢失数据
     1>c:\users\qm\desktop\qmtool\pushbox\pushbox.cpp(33): warning C4244: “初始化”: 从“double”转换到“int”，可能丢失数据
     1>c:\users\qm\desktop\qmtool\pushbox\pushbox.cpp(34): warning C4244: “初始化”: 从“double”转换到“int”，可能丢失数据
     1>c:\users\qm\desktop\qmtool\pushbox\pushbox.cpp(37): warning C4244: “初始化”: 从“double”转换到“int”，可能丢失数据
     1>c:\users\qm\desktop\qmtool\pushbox\pushbox.cpp(38): warning C4244: “初始化”: 从“double”转换到“int”，可能丢失数据
     1>c:\users\qm\desktop\qmtool\pushbox\pushbox.cpp(39): warning C4244: “初始化”: 从“double”转换到“int”，可能丢失数据
     1>c:\users\qm\desktop\qmtool\pushbox\pushbox.cpp(40): warning C4244: “初始化”: 从“double”转换到“int”，可能丢失数据
     1>c:\users\qm\desktop\qmtool\pushbox\pushbox.cpp(41): warning C4244: “初始化”: 从“double”转换到“int”，可能丢失数据
     1>c:\users\qm\desktop\qmtool\pushbox\pushbox.cpp(42): warning C4244: “初始化”: 从“double”转换到“int”，可能丢失数据
     1>c:\users\qm\desktop\qmtool\pushbox\pushbox.cpp(43): warning C4244: “初始化”: 从“double”转换到“int”，可能丢失数据
     1>c:\users\qm\desktop\qmtool\pushbox\pushbox.cpp(44): warning C4244: “初始化”: 从“double”转换到“int”，可能丢失数据
       Link:
         C:\Program Files (x86)\Microsoft Visual Studio 11.0\VC\bin\link.exe /ERRORREPORT:PROMPT /OUT:"C:\Users\qM\Desktop\QMTOOL\Debug\pushbox_EX.exe" /INCREMENTAL /NOLOGO kernel32.lib user32.lib gdi32.lib winspool.lib comdlg32.lib advapi32.lib shell32.lib ole32.lib oleaut32.lib uuid.lib odbc32.lib odbccp32.lib /MANIFEST /MANIFESTUAC:"level='asInvoker' uiAccess='false'" /manifest:embed /DEBUG /PDB:"C:\Users\qM\Desktop\QMTOOL\Debug\pushbox_EX.pdb" /TLBID:1 /DYNAMICBASE /NXCOMPAT /IMPLIB:"C:\Users\qM\Desktop\QMTOOL\Debug\pushbox_EX.lib" /MACHINE:X86 Debug\pushbox.obj
         pushbox.vcxproj -> C:\Users\qM\Desktop\QMTOOL\Debug\pushbox_EX.exe
     1>已完成生成项目“C:\Users\qM\Desktop\QMTOOL\pushbox\pushbox.vcxproj”(Rebuild 个目标)的操作。

生成成功。

已用时间 00:00:01.35
