C:\USERS\WU-B_NEU\DOCUMENTS\VISUAL STUDIO 2012\PROJECTS\LEARN_MFC\MINE_CLEAR\DEBUG\MINE_CLEAR.OBJ
C:\USERS\WU-B_NEU\DOCUMENTS\VISUAL STUDIO 2012\PROJECTS\LEARN_MFC\MINE_CLEAR\DEBUG\VC110.PDB
C:\USERS\WU-B_NEU\DOCUMENTS\VISUAL STUDIO 2012\PROJECTS\LEARN_MFC\DEBUG\MINE_CLEAR.ILK
C:\USERS\WU-B_NEU\DOCUMENTS\VISUAL STUDIO 2012\PROJECTS\LEARN_MFC\DEBUG\MINE_CLEAR.EXE
C:\USERS\WU-B_NEU\DOCUMENTS\VISUAL STUDIO 2012\PROJECTS\LEARN_MFC\DEBUG\MINE_CLEAR.PDB
C:\Users\wu-b_neu\Documents\Visual Studio 2012\Projects\Learn_mfc\mine_clear\Debug\mine_clear.obj
C:\Users\wu-b_neu\Documents\Visual Studio 2012\Projects\Learn_mfc\mine_clear\Debug\cl.command.1.tlog
C:\Users\wu-b_neu\Documents\Visual Studio 2012\Projects\Learn_mfc\mine_clear\Debug\CL.read.1.tlog
C:\Users\wu-b_neu\Documents\Visual Studio 2012\Projects\Learn_mfc\mine_clear\Debug\CL.write.1.tlog
C:\Users\wu-b_neu\Documents\Visual Studio 2012\Projects\Learn_mfc\mine_clear\Debug\link-cvtres.read.1.tlog
C:\Users\wu-b_neu\Documents\Visual Studio 2012\Projects\Learn_mfc\mine_clear\Debug\link-cvtres.write.1.tlog
C:\Users\wu-b_neu\Documents\Visual Studio 2012\Projects\Learn_mfc\mine_clear\Debug\link-rc.read.1.tlog
C:\Users\wu-b_neu\Documents\Visual Studio 2012\Projects\Learn_mfc\mine_clear\Debug\link-rc.write.1.tlog
C:\Users\wu-b_neu\Documents\Visual Studio 2012\Projects\Learn_mfc\mine_clear\Debug\link.command.1.tlog
C:\Users\wu-b_neu\Documents\Visual Studio 2012\Projects\Learn_mfc\mine_clear\Debug\link.read.1.tlog
C:\Users\wu-b_neu\Documents\Visual Studio 2012\Projects\Learn_mfc\mine_clear\Debug\link.write.1.tlog
C:\Users\wu-b_neu\Documents\Visual Studio 2012\Projects\Learn_mfc\mine_clear\Debug\vc110.idb
C:\Users\wu-b_neu\Documents\Visual Studio 2012\Projects\Learn_mfc\mine_clear\Debug\vc110.pdb
C:\Users\wu-b_neu\Documents\Visual Studio 2012\Projects\Learn_mfc\Debug\mine_clear.pdb
C:\Users\wu-b_neu\Documents\Visual Studio 2012\Projects\Learn_mfc\Debug\mine_clear.exe
C:\Users\wu-b_neu\Documents\Visual Studio 2012\Projects\Learn_mfc\Debug\mine_clear.ilk
